<?xml version="1.0" encoding="UTF-8"?>
<!-- Generated by org.testng.reporters.JUnitXMLReporter -->
<testsuite ignored="0" hostname="LAPTOP-0OPSNOVC" failures="0" tests="6" name="Test" time="0.064" errors="0" timestamp="2020-04-20T13:46:32 EDT">
  <testcase classname="qaclickacademy.RestAssuredTest" name="RestAPI" time="0.002"/>
  <testcase classname="qaclickacademy.RestAssuredTest" name="webServices" time="0.0"/>
  <testcase classname="qaclickacademy.AppiumTest" name="IOSAuomation" time="0.0"/>
  <testcase classname="qaclickacademy.AppiumTest" name="MobileAuomation" time="0.002"/>
  <testcase classname="qaclickacademy.SeleniumTest" name="BrowserAutomation" time="0.001"/>
  <testcase classname="qaclickacademy.SeleniumTest" name="UIAuomation" time="0.0"/>
</testsuite> <!-- Test -->
