<?xml version="1.0" encoding="UTF-8"?>
<testng-results ignored="0" total="6" passed="6" failed="0" skipped="0">
  <reporter-output>
  </reporter-output>
  <suite started-at="2020-04-20T13:46:32 EDT" name="Suite" finished-at="2020-04-20T13:46:32 EDT" duration-ms="64">
    <groups>
    </groups>
    <test started-at="2020-04-20T13:46:32 EDT" name="Test" finished-at="2020-04-20T13:46:32 EDT" duration-ms="64">
      <class name="qaclickacademy.AppiumTest">
        <test-method signature="MobileAuomation()[pri:0, instance:qaclickacademy.AppiumTest@31f9b85e]" started-at="2020-04-20T13:46:32 EDT" name="MobileAuomation" finished-at="2020-04-20T13:46:32 EDT" duration-ms="2" status="PASS">
          <reporter-output>
          </reporter-output>
        </test-method> <!-- MobileAuomation -->
        <test-method signature="IOSAuomation()[pri:0, instance:qaclickacademy.AppiumTest@31f9b85e]" started-at="2020-04-20T13:46:32 EDT" name="IOSAuomation" finished-at="2020-04-20T13:46:32 EDT" duration-ms="0" status="PASS">
          <reporter-output>
          </reporter-output>
        </test-method> <!-- IOSAuomation -->
      </class> <!-- qaclickacademy.AppiumTest -->
      <class name="qaclickacademy.RestAssuredTest">
        <test-method signature="RestAPI()[pri:0, instance:qaclickacademy.RestAssuredTest@762ef0ea]" started-at="2020-04-20T13:46:32 EDT" name="RestAPI" finished-at="2020-04-20T13:46:32 EDT" duration-ms="2" status="PASS">
          <reporter-output>
          </reporter-output>
        </test-method> <!-- RestAPI -->
        <test-method signature="webServices()[pri:0, instance:qaclickacademy.RestAssuredTest@762ef0ea]" started-at="2020-04-20T13:46:32 EDT" name="webServices" finished-at="2020-04-20T13:46:32 EDT" duration-ms="0" status="PASS">
          <reporter-output>
          </reporter-output>
        </test-method> <!-- webServices -->
      </class> <!-- qaclickacademy.RestAssuredTest -->
      <class name="qaclickacademy.SeleniumTest">
        <test-method signature="BrowserAutomation()[pri:0, instance:qaclickacademy.SeleniumTest@424e1977]" started-at="2020-04-20T13:46:32 EDT" name="BrowserAutomation" finished-at="2020-04-20T13:46:32 EDT" duration-ms="1" status="PASS">
          <reporter-output>
          </reporter-output>
        </test-method> <!-- BrowserAutomation -->
        <test-method signature="UIAuomation()[pri:0, instance:qaclickacademy.SeleniumTest@424e1977]" started-at="2020-04-20T13:46:32 EDT" name="UIAuomation" finished-at="2020-04-20T13:46:32 EDT" duration-ms="0" status="PASS">
          <reporter-output>
          </reporter-output>
        </test-method> <!-- UIAuomation -->
      </class> <!-- qaclickacademy.SeleniumTest -->
    </test> <!-- Test -->
  </suite> <!-- Suite -->
</testng-results>
